<?xml version="1.0" encoding="UTF-8"?>
<testng-results ignored="0" total="1" passed="1" failed="0" skipped="0">
  <reporter-output>
  </reporter-output>
  <suite started-at="2019-12-14T02:29:18 EET" name="Default suite" finished-at="2019-12-14T02:29:18 EET" duration-ms="40">
    <groups>
    </groups>
    <test started-at="2019-12-14T02:29:18 EET" name="Default test" finished-at="2019-12-14T02:29:18 EET" duration-ms="40">
      <class name="Tests.BaseClass">
        <test-method is-config="true" signature="setup()[pri:0, instance:Tests.BaseClass@4386f16]" started-at="2019-12-14T02:29:18 EET" name="setup" finished-at="2019-12-14T02:29:18 EET" duration-ms="12" status="PASS">
          <reporter-output>
          </reporter-output>
        </test-method> <!-- setup -->
        <test-method signature="tc1()[pri:0, instance:Tests.BaseClass@4386f16]" started-at="2019-12-14T02:29:18 EET" name="tc1" finished-at="2019-12-14T02:29:18 EET" duration-ms="3" status="PASS">
          <reporter-output>
          </reporter-output>
        </test-method> <!-- tc1 -->
        <test-method is-config="true" signature="Teardown()[pri:0, instance:Tests.BaseClass@4386f16]" started-at="2019-12-14T02:29:18 EET" name="Teardown" finished-at="2019-12-14T02:29:18 EET" duration-ms="0" status="PASS">
          <reporter-output>
          </reporter-output>
        </test-method> <!-- Teardown -->
      </class> <!-- Tests.BaseClass -->
    </test> <!-- Default test -->
  </suite> <!-- Default suite -->
</testng-results>
